#
# There is insufficient memory for the Java Runtime Environment to continue.
# Native memory allocation (mmap) failed to map 54525952 bytes for Failed to commit area from 0x0000000711400000 to 0x0000000714800000 of length 54525952.
# Possible reasons:
#   The system is out of physical RAM or swap space
#   The process is running with CompressedOops enabled, and the Java Heap may be blocking the growth of the native heap
# Possible solutions:
#   Reduce memory load on the system
#   Increase physical memory or swap space
#   Check if swap backing store is full
#   Decrease Java heap size (-Xmx/-Xms)
#   Decrease number of Java threads
#   Decrease Java thread stack sizes (-Xss)
#   Set larger code cache with -XX:ReservedCodeCacheSize=
#   JVM is running with Zero Based Compressed Oops mode in which the Java heap is
#     placed in the first 32GB address space. The Java Heap base address is the
#     maximum limit for the native heap growth. Please use -XX:HeapBaseMinAddress
#     to set the Java Heap base and to place the Java Heap above 32GB virtual address.
# This output file may be truncated or incomplete.
#
#  Out of Memory Error (./src/hotspot/os/windows/os_windows.cpp:3390), pid=15340, tid=21640
#
# JRE version: OpenJDK Runtime Environment Corretto-11.0.15.9.1 (11.0.15+9) (build 11.0.15+9-LTS)
# Java VM: OpenJDK 64-Bit Server VM Corretto-11.0.15.9.1 (11.0.15+9-LTS, mixed mode, tiered, compressed oops, g1 gc, windows-amd64)
# No core dump will be written. Minidumps are not enabled by default on client versions of Windows
#

---------------  S U M M A R Y ------------

Command Line: -XX:TieredStopAtLevel=1 -Xverify:none -Dspring.output.ansi.enabled=always -javaagent:C:\Program Files\JetBrains\IntelliJ IDEA 2021.2.3\lib\idea_rt.jar=12618:C:\Program Files\JetBrains\IntelliJ IDEA 2021.2.3\bin -Dcom.sun.management.jmxremote -Dspring.jmx.enabled=true -Dspring.liveBeansView.mbeanDomain -Dspring.application.admin.enabled=true -Dfile.encoding=UTF-8 com.example.itemservice.ItemServiceApplication

Host: AMD Ryzen 5 5600X 6-Core Processor             , 12 cores, 15G,  Windows 10 , 64 bit Build 18362 (10.0.18362.1500)
Time: Tue Jun 28 07:20:23 2022 대한민국 표준시 elapsed time: 1.269287 seconds (0d 0h 0m 1s)

---------------  T H R E A D  ---------------

Current thread (0x000002dada9bb000):  VMThread "VM Thread" [stack: 0x000000f36ef00000,0x000000f36f000000] [id=21640]

Stack: [0x000000f36ef00000,0x000000f36f000000]
[error occurred during error reporting (printing stack bounds), id 0xc0000005, EXCEPTION_ACCESS_VIOLATION (0xc0000005) at pc=0x000002dabef6112d]

Native frames: (J=compiled Java code, j=interpreted, Vv=VM code, C=native code)
V  [jvm.dll+0x61e7ba]
V  [jvm.dll+0x7ab749]
V  [jvm.dll+0x7ace38]
V  [jvm.dll+0x7ad475]
V  [jvm.dll+0x7ad42b]
V  [jvm.dll+0x61db47]
V  [jvm.dll+0x61e258]
C  [ntdll.dll+0xa1fff]
C  [ntdll.dll+0x6aad9]
C  [ntdll.dll+0xa0c6e]
C  0x000002dabef6112d

VM_Operation (0x000000f36e9fdc40): CollectForMetadataAllocation, mode: safepoint, requested by thread 0x000002dab6818000


---------------  P R O C E S S  ---------------

Threads class SMR info:
_java_thread_list=0x000002dadd13ed20, length=16, elements={
0x000002dab6818000, 0x000002dada9be800, 0x000002dadb26e000, 0x000002dadb2d4800,
0x000002dadb2d6000, 0x000002dadb2d7800, 0x000002dadb2e2800, 0x000002dadb2e7800,
0x000002dadb240800, 0x000002dadb5b7800, 0x000002dadb853800, 0x000002dadd104800,
0x000002dadd10c000, 0x000002dadd117800, 0x000002dadd139000, 0x000002dadd13f800
}

Java Threads: ( => current thread )
  0x000002dab6818000 JavaThread "main" [_thread_blocked, id=17204, stack(0x000000f36e900000,0x000000f36ea00000)]
  0x000002dada9be800 JavaThread "Reference Handler" daemon [_thread_blocked, id=2012, stack(0x000000f36f000000,0x000000f36f100000)]
  0x000002dadb26e000 JavaThread "Finalizer" daemon [_thread_blocked, id=30744, stack(0x000000f36f100000,0x000000f36f200000)]
  0x000002dadb2d4800 JavaThread "Signal Dispatcher" daemon [_thread_blocked, id=13756, stack(0x000000f36f200000,0x000000f36f300000)]
  0x000002dadb2d6000 JavaThread "Attach Listener" daemon [_thread_blocked, id=10376, stack(0x000000f36f300000,0x000000f36f400000)]
  0x000002dadb2d7800 JavaThread "Service Thread" daemon [_thread_blocked, id=31932, stack(0x000000f36f400000,0x000000f36f500000)]
  0x000002dadb2e2800 JavaThread "C1 CompilerThread0" daemon [_thread_blocked, id=27664, stack(0x000000f36f500000,0x000000f36f600000)]
  0x000002dadb2e7800 JavaThread "Sweeper thread" daemon [_thread_blocked, id=29028, stack(0x000000f36f600000,0x000000f36f700000)]
  0x000002dadb240800 JavaThread "Common-Cleaner" daemon [_thread_blocked, id=13660, stack(0x000000f36f700000,0x000000f36f800000)]
  0x000002dadb5b7800 JavaThread "Monitor Ctrl-Break" daemon [_thread_in_native, id=25684, stack(0x000000f36f800000,0x000000f36f900000)]
  0x000002dadb853800 JavaThread "RMI TCP Accept-0" daemon [_thread_in_native, id=31872, stack(0x000000f36f900000,0x000000f36fa00000)]
  0x000002dadd104800 JavaThread "RMI TCP Connection(1)-192.168.56.1" daemon [_thread_in_native, id=12720, stack(0x000000f370000000,0x000000f370100000)]
  0x000002dadd10c000 JavaThread "RMI Scheduler(0)" daemon [_thread_blocked, id=14144, stack(0x000000f370300000,0x000000f370400000)]
  0x000002dadd117800 JavaThread "Catalina-utility-1" [_thread_blocked, id=5228, stack(0x000000f370400000,0x000000f370500000)]
  0x000002dadd139000 JavaThread "Catalina-utility-2" [_thread_blocked, id=32192, stack(0x000000f370500000,0x000000f370600000)]
  0x000002dadd13f800 JavaThread "container-0" [_thread_blocked, id=26916, stack(0x000000f370600000,0x000000f370700000)]

Other Threads:
=>0x000002dada9bb000 VMThread "VM Thread" [stack: 0x000000f36ef00000,0x000000f36f000000] [id=21640]
  0x000002dadb849800 WatcherThread [stack: 0x000000f36fa00000,0x000000f36fb00000] [id=2788]
  0x000002dab6832800 GCTaskThread "GC Thread#0" [stack: 0x000000f36ea00000,0x000000f36eb00000] [id=30240]
  0x000002dadbd1b800 GCTaskThread "GC Thread#1" [stack: 0x000000f36fb00000,0x000000f36fc00000] [id=5252]
  0x000002dadbd1c800 GCTaskThread "GC Thread#2" [stack: 0x000000f36fc00000,0x000000f36fd00000] [id=2228]
  0x000002dadbd1d000 GCTaskThread "GC Thread#3" [stack: 0x000000f36fd00000,0x000000f36fe00000] [id=17052]
  0x000002dadbd32800 GCTaskThread "GC Thread#4" [stack: 0x000000f36fe00000,0x000000f36ff00000] [id=31356]
  0x000002dadbd33000 GCTaskThread "GC Thread#5" [stack: 0x000000f36ff00000,0x000000f370000000] [id=30028]
  0x000002dadd16e000 GCTaskThread "GC Thread#6" [stack: 0x000000f370700000,0x000000f370800000] [id=25700]
  0x000002dadd16f000 GCTaskThread "GC Thread#7" [stack: 0x000000f370800000,0x000000f370900000] [id=10456]
  0x000002dab6891800 ConcurrentGCThread "G1 Main Marker" [stack: 0x000000f36eb00000,0x000000f36ec00000] [id=10232]
  0x000002dab6893000 ConcurrentGCThread "G1 Conc#0" [stack: 0x000000f36ec00000,0x000000f36ed00000] [id=25328]
  0x000002dadbdae000 ConcurrentGCThread "G1 Conc#1" [stack: 0x000000f370100000,0x000000f370200000] [id=9756]
  0x000002dadbd4f800 ConcurrentGCThread "G1 Conc#2" [stack: 0x000000f370200000,0x000000f370300000] [id=13976]
  0x000002dada8a5000 ConcurrentGCThread "G1 Refine#0" [stack: 0x000000f36ed00000,0x000000f36ee00000] [id=30716]
  0x000002dada8a6000 ConcurrentGCThread "G1 Young RemSet Sampling" [stack: 0x000000f36ee00000,0x000000f36ef00000] [id=33880]

Threads with active compile tasks:

VM state:at safepoint (normal execution)

VM Mutex/Monitor currently owned by a thread:  ([mutex/lock_event])
[0x000002dab68156e0] Threads_lock - owner thread: 0x000002dada9bb000
[0x000002dab6814f90] Heap_lock - owner thread: 0x000002dab6818000

Heap address: 0x0000000701400000, size: 4076 MB, Compressed Oops mode: Zero based, Oop shift amount: 3
Narrow klass base: 0x0000000800000000, Narrow klass shift: 0
Compressed class space size: 1073741824 Address: 0x0000000800000000

Heap:
 garbage-first heap   total 315392K, used 13682K [0x0000000701400000, 0x0000000800000000)
  region size 1024K, 8 young (8192K), 8 survivors (8192K)
 Metaspace       used 34270K, capacity 35507K, committed 35628K, reserved 1081344K
  class space    used 4181K, capacity 4711K, committed 4736K, reserved 1048576K
Heap Regions: E=young(eden), S=young(survivor), O=old, HS=humongous(starts), HC=humongous(continues), CS=collection set, F=free, A=archive, TAMS=top-at-mark-start (previous, next)
|   0|0x0000000701400000, 0x0000000701500000, 0x0000000701500000|100%| O|  |TAMS 0x0000000701500000, 0x0000000701500000| Untracked 
|   1|0x0000000701500000, 0x0000000701600000, 0x0000000701600000|100%| O|  |TAMS 0x0000000701600000, 0x0000000701600000| Untracked 
|   2|0x0000000701600000, 0x0000000701700000, 0x0000000701700000|100%| O|  |TAMS 0x000000070160ce00, 0x0000000701700000| Untracked 
|   3|0x0000000701700000, 0x0000000701800000, 0x0000000701800000|100%| O|  |TAMS 0x0000000701700000, 0x0000000701800000| Untracked 
|   4|0x0000000701800000, 0x0000000701900000, 0x0000000701900000|100%| O|  |TAMS 0x0000000701800000, 0x0000000701900000| Untracked 
|   5|0x0000000701900000, 0x0000000701a00000, 0x0000000701a00000|100%| O|  |TAMS 0x0000000701900000, 0x0000000701a00000| Untracked 
|   6|0x0000000701a00000, 0x0000000701a37a00, 0x0000000701b00000| 21%| O|  |TAMS 0x0000000701a00000, 0x0000000701a37a00| Untracked 
|   7|0x0000000701b00000, 0x0000000701b00000, 0x0000000701c00000|  0%| F|  |TAMS 0x0000000701b00000, 0x0000000701b00000| Untracked 
|   8|0x0000000701c00000, 0x0000000701c00000, 0x0000000701d00000|  0%| F|  |TAMS 0x0000000701c00000, 0x0000000701c00000| Untracked 
|   9|0x0000000701d00000, 0x0000000701d00000, 0x0000000701e00000|  0%| F|  |TAMS 0x0000000701d00000, 0x0000000701d00000| Untracked 
|  10|0x0000000701e00000, 0x0000000701e00000, 0x0000000701f00000|  0%| F|  |TAMS 0x0000000701e00000, 0x0000000701e00000| Untracked 
|  11|0x0000000701f00000, 0x0000000701f00000, 0x0000000702000000|  0%| F|  |TAMS 0x0000000701f00000, 0x0000000701f00000| Untracked 
|  12|0x0000000702000000, 0x0000000702000000, 0x0000000702100000|  0%| F|  |TAMS 0x0000000702000000, 0x0000000702000000| Untracked 
|  13|0x0000000702100000, 0x0000000702100000, 0x0000000702200000|  0%| F|  |TAMS 0x0000000702100000, 0x0000000702100000| Untracked 
|  14|0x0000000702200000, 0x0000000702200000, 0x0000000702300000|  0%| F|  |TAMS 0x0000000702200000, 0x0000000702200000| Untracked 
|  15|0x0000000702300000, 0x0000000702300000, 0x0000000702400000|  0%| F|  |TAMS 0x0000000702300000, 0x0000000702300000| Untracked 
|  16|0x0000000702400000, 0x0000000702400000, 0x0000000702500000|  0%| F|  |TAMS 0x0000000702400000, 0x0000000702400000| Untracked 
|  17|0x0000000702500000, 0x0000000702500000, 0x0000000702600000|  0%| F|  |TAMS 0x0000000702500000, 0x0000000702500000| Untracked 
|  18|0x0000000702600000, 0x0000000702600000, 0x0000000702700000|  0%| F|  |TAMS 0x0000000702600000, 0x0000000702600000| Untracked 
|  19|0x0000000702700000, 0x0000000702700000, 0x0000000702800000|  0%| F|  |TAMS 0x0000000702700000, 0x0000000702700000| Untracked 
|  20|0x0000000702800000, 0x0000000702800000, 0x0000000702900000|  0%| F|  |TAMS 0x0000000702800000, 0x0000000702800000| Untracked 
|  21|0x0000000702900000, 0x0000000702900000, 0x0000000702a00000|  0%| F|  |TAMS 0x0000000702900000, 0x0000000702900000| Untracked 
|  22|0x0000000702a00000, 0x0000000702a00000, 0x0000000702b00000|  0%| F|  |TAMS 0x0000000702a00000, 0x0000000702a00000| Untracked 
|  23|0x0000000702b00000, 0x0000000702b00000, 0x0000000702c00000|  0%| F|  |TAMS 0x0000000702b00000, 0x0000000702b00000| Untracked 
|  24|0x0000000702c00000, 0x0000000702c00000, 0x0000000702d00000|  0%| F|  |TAMS 0x0000000702c00000, 0x0000000702c00000| Untracked 
|  25|0x0000000702d00000, 0x0000000702d00000, 0x0000000702e00000|  0%| F|  |TAMS 0x0000000702d00000, 0x0000000702d00000| Untracked 
|  26|0x0000000702e00000, 0x0000000702e00000, 0x0000000702f00000|  0%| F|  |TAMS 0x0000000702e00000, 0x0000000702e00000| Untracked 
|  27|0x0000000702f00000, 0x0000000702f00000, 0x0000000703000000|  0%| F|  |TAMS 0x0000000702f00000, 0x0000000702f00000| Untracked 
|  28|0x0000000703000000, 0x0000000703000000, 0x0000000703100000|  0%| F|  |TAMS 0x0000000703000000, 0x0000000703000000| Untracked 
|  29|0x0000000703100000, 0x0000000703100000, 0x0000000703200000|  0%| F|  |TAMS 0x0000000703100000, 0x0000000703100000| Untracked 
|  30|0x0000000703200000, 0x0000000703200000, 0x0000000703300000|  0%| F|  |TAMS 0x0000000703200000, 0x0000000703200000| Untracked 
|  31|0x0000000703300000, 0x0000000703300000, 0x0000000703400000|  0%| F|  |TAMS 0x0000000703300000, 0x0000000703300000| Untracked 
|  32|0x0000000703400000, 0x0000000703400000, 0x0000000703500000|  0%| F|  |TAMS 0x0000000703400000, 0x0000000703400000| Untracked 
|  33|0x0000000703500000, 0x0000000703500000, 0x0000000703600000|  0%| F|  |TAMS 0x0000000703500000, 0x0000000703500000| Untracked 
|  34|0x0000000703600000, 0x0000000703600000, 0x0000000703700000|  0%| F|  |TAMS 0x0000000703600000, 0x0000000703600000| Untracked 
|  35|0x0000000703700000, 0x0000000703700000, 0x0000000703800000|  0%| F|  |TAMS 0x0000000703700000, 0x0000000703700000| Untracked 
|  36|0x0000000703800000, 0x0000000703800000, 0x0000000703900000|  0%| F|  |TAMS 0x0000000703800000, 0x0000000703800000| Untracked 
|  37|0x0000000703900000, 0x0000000703900000, 0x0000000703a00000|  0%| F|  |TAMS 0x0000000703900000, 0x0000000703900000| Untracked 
|  38|0x0000000703a00000, 0x0000000703a00000, 0x0000000703b00000|  0%| F|  |TAMS 0x0000000703a00000, 0x0000000703a00000| Untracked 
|  39|0x0000000703b00000, 0x0000000703b00000, 0x0000000703c00000|  0%| F|  |TAMS 0x0000000703b00000, 0x0000000703b00000| Untracked 
|  40|0x0000000703c00000, 0x0000000703c00000, 0x0000000703d00000|  0%| F|  |TAMS 0x0000000703c00000, 0x0000000703c00000| Untracked 
|  41|0x0000000703d00000, 0x0000000703d00000, 0x0000000703e00000|  0%| F|  |TAMS 0x0000000703d00000, 0x0000000703d00000| Untracked 
|  42|0x0000000703e00000, 0x0000000703e00000, 0x0000000703f00000|  0%| F|  |TAMS 0x0000000703e00000, 0x0000000703e00000| Untracked 
|  43|0x0000000703f00000, 0x0000000703f00000, 0x0000000704000000|  0%| F|  |TAMS 0x0000000703f00000, 0x0000000703f00000| Untracked 
|  44|0x0000000704000000, 0x0000000704000000, 0x0000000704100000|  0%| F|  |TAMS 0x0000000704000000, 0x0000000704000000| Untracked 
|  45|0x0000000704100000, 0x0000000704100000, 0x0000000704200000|  0%| F|  |TAMS 0x0000000704100000, 0x0000000704100000| Untracked 
|  46|0x0000000704200000, 0x0000000704200000, 0x0000000704300000|  0%| F|  |TAMS 0x0000000704200000, 0x0000000704200000| Untracked 
|  47|0x0000000704300000, 0x0000000704300000, 0x0000000704400000|  0%| F|  |TAMS 0x0000000704300000, 0x0000000704300000| Untracked 
|  48|0x0000000704400000, 0x0000000704400000, 0x0000000704500000|  0%| F|  |TAMS 0x0000000704400000, 0x0000000704400000| Untracked 
|  49|0x0000000704500000, 0x0000000704500000, 0x0000000704600000|  0%| F|  |TAMS 0x0000000704500000, 0x0000000704500000| Untracked 
|  50|0x0000000704600000, 0x0000000704600000, 0x0000000704700000|  0%| F|  |TAMS 0x0000000704600000, 0x0000000704600000| Untracked 
|  51|0x0000000704700000, 0x0000000704700000, 0x0000000704800000|  0%| F|  |TAMS 0x0000000704700000, 0x0000000704700000| Untracked 
|  52|0x0000000704800000, 0x0000000704800000, 0x0000000704900000|  0%| F|  |TAMS 0x0000000704800000, 0x0000000704800000| Untracked 
|  53|0x0000000704900000, 0x0000000704900000, 0x0000000704a00000|  0%| F|  |TAMS 0x0000000704900000, 0x0000000704900000| Untracked 
|  54|0x0000000704a00000, 0x0000000704a00000, 0x0000000704b00000|  0%| F|  |TAMS 0x0000000704a00000, 0x0000000704a00000| Untracked 
|  55|0x0000000704b00000, 0x0000000704b00000, 0x0000000704c00000|  0%| F|  |TAMS 0x0000000704b00000, 0x0000000704b00000| Untracked 
|  56|0x0000000704c00000, 0x0000000704c00000, 0x0000000704d00000|  0%| F|  |TAMS 0x0000000704c00000, 0x0000000704c00000| Untracked 
|  57|0x0000000704d00000, 0x0000000704d00000, 0x0000000704e00000|  0%| F|  |TAMS 0x0000000704d00000, 0x0000000704d00000| Untracked 
|  58|0x0000000704e00000, 0x0000000704e00000, 0x0000000704f00000|  0%| F|  |TAMS 0x0000000704e00000, 0x0000000704e00000| Untracked 
|  59|0x0000000704f00000, 0x0000000704f00000, 0x0000000705000000|  0%| F|  |TAMS 0x0000000704f00000, 0x0000000704f00000| Untracked 
|  60|0x0000000705000000, 0x0000000705000000, 0x0000000705100000|  0%| F|  |TAMS 0x0000000705000000, 0x0000000705000000| Untracked 
|  61|0x0000000705100000, 0x0000000705100000, 0x0000000705200000|  0%| F|  |TAMS 0x0000000705100000, 0x0000000705100000| Untracked 
|  62|0x0000000705200000, 0x0000000705200000, 0x0000000705300000|  0%| F|  |TAMS 0x0000000705200000, 0x0000000705200000| Untracked 
|  63|0x0000000705300000, 0x0000000705300000, 0x0000000705400000|  0%| F|  |TAMS 0x0000000705300000, 0x0000000705300000| Untracked 
|  64|0x0000000705400000, 0x0000000705400000, 0x0000000705500000|  0%| F|  |TAMS 0x0000000705400000, 0x0000000705400000| Untracked 
|  65|0x0000000705500000, 0x0000000705500000, 0x0000000705600000|  0%| F|  |TAMS 0x0000000705500000, 0x0000000705500000| Untracked 
|  66|0x0000000705600000, 0x0000000705600000, 0x0000000705700000|  0%| F|  |TAMS 0x0000000705600000, 0x0000000705600000| Untracked 
|  67|0x0000000705700000, 0x0000000705700000, 0x0000000705800000|  0%| F|  |TAMS 0x0000000705700000, 0x0000000705700000| Untracked 
|  68|0x0000000705800000, 0x0000000705800000, 0x0000000705900000|  0%| F|  |TAMS 0x0000000705800000, 0x0000000705800000| Untracked 
|  69|0x0000000705900000, 0x0000000705900000, 0x0000000705a00000|  0%| F|  |TAMS 0x0000000705900000, 0x0000000705900000| Untracked 
|  70|0x0000000705a00000, 0x0000000705a00000, 0x0000000705b00000|  0%| F|  |TAMS 0x0000000705a00000, 0x0000000705a00000| Untracked 
|  71|0x0000000705b00000, 0x0000000705b00000, 0x0000000705c00000|  0%| F|  |TAMS 0x0000000705b00000, 0x0000000705b00000| Untracked 
|  72|0x0000000705c00000, 0x0000000705c00000, 0x0000000705d00000|  0%| F|  |TAMS 0x0000000705c00000, 0x0000000705c00000| Untracked 
|  73|0x0000000705d00000, 0x0000000705d00000, 0x0000000705e00000|  0%| F|  |TAMS 0x0000000705d00000, 0x0000000705d00000| Untracked 
|  74|0x0000000705e00000, 0x0000000705e00000, 0x0000000705f00000|  0%| F|  |TAMS 0x0000000705e00000, 0x0000000705e00000| Untracked 
|  75|0x0000000705f00000, 0x0000000705f00000, 0x0000000706000000|  0%| F|  |TAMS 0x0000000705f00000, 0x0000000705f00000| Untracked 
|  76|0x0000000706000000, 0x0000000706000000, 0x0000000706100000|  0%| F|  |TAMS 0x0000000706000000, 0x0000000706000000| Untracked 
|  77|0x0000000706100000, 0x0000000706100000, 0x0000000706200000|  0%| F|  |TAMS 0x0000000706100000, 0x0000000706100000| Untracked 
|  78|0x0000000706200000, 0x0000000706200000, 0x0000000706300000|  0%| F|  |TAMS 0x0000000706200000, 0x0000000706200000| Untracked 
|  79|0x0000000706300000, 0x0000000706300000, 0x0000000706400000|  0%| F|  |TAMS 0x0000000706300000, 0x0000000706300000| Untracked 
|  80|0x0000000706400000, 0x0000000706400000, 0x0000000706500000|  0%| F|  |TAMS 0x0000000706400000, 0x0000000706400000| Untracked 
|  81|0x0000000706500000, 0x0000000706500000, 0x0000000706600000|  0%| F|  |TAMS 0x0000000706500000, 0x0000000706500000| Untracked 
|  82|0x0000000706600000, 0x0000000706600000, 0x0000000706700000|  0%| F|  |TAMS 0x0000000706600000, 0x0000000706600000| Untracked 
|  83|0x0000000706700000, 0x0000000706700000, 0x0000000706800000|  0%| F|  |TAMS 0x0000000706700000, 0x0000000706700000| Untracked 
|  84|0x0000000706800000, 0x0000000706800000, 0x0000000706900000|  0%| F|  |TAMS 0x0000000706800000, 0x0000000706800000| Untracked 
|  85|0x0000000706900000, 0x0000000706900000, 0x0000000706a00000|  0%| F|  |TAMS 0x0000000706900000, 0x0000000706900000| Untracked 
|  86|0x0000000706a00000, 0x0000000706a00000, 0x0000000706b00000|  0%| F|  |TAMS 0x0000000706a00000, 0x0000000706a00000| Untracked 
|  87|0x0000000706b00000, 0x0000000706b00000, 0x0000000706c00000|  0%| F|  |TAMS 0x0000000706b00000, 0x0000000706b00000| Untracked 
|  88|0x0000000706c00000, 0x0000000706c00000, 0x0000000706d00000|  0%| F|  |TAMS 0x0000000706c00000, 0x0000000706c00000| Untracked 
|  89|0x0000000706d00000, 0x0000000706d00000, 0x0000000706e00000|  0%| F|  |TAMS 0x0000000706d00000, 0x0000000706d00000| Untracked 
|  90|0x0000000706e00000, 0x0000000706e00000, 0x0000000706f00000|  0%| F|  |TAMS 0x0000000706e00000, 0x0000000706e00000| Untracked 
|  91|0x0000000706f00000, 0x0000000706f00000, 0x0000000707000000|  0%| F|  |TAMS 0x0000000706f00000, 0x0000000706f00000| Untracked 
|  92|0x0000000707000000, 0x0000000707000000, 0x0000000707100000|  0%| F|  |TAMS 0x0000000707000000, 0x0000000707000000| Untracked 
|  93|0x0000000707100000, 0x0000000707100000, 0x0000000707200000|  0%| F|  |TAMS 0x0000000707100000, 0x0000000707100000| Untracked 
|  94|0x0000000707200000, 0x0000000707200000, 0x0000000707300000|  0%| F|  |TAMS 0x0000000707200000, 0x0000000707200000| Untracked 
|  95|0x0000000707300000, 0x0000000707300000, 0x0000000707400000|  0%| F|  |TAMS 0x0000000707300000, 0x0000000707300000| Untracked 
|  96|0x0000000707400000, 0x0000000707400000, 0x0000000707500000|  0%| F|  |TAMS 0x0000000707400000, 0x0000000707400000| Untracked 
|  97|0x0000000707500000, 0x0000000707500000, 0x0000000707600000|  0%| F|  |TAMS 0x0000000707500000, 0x0000000707500000| Untracked 
|  98|0x0000000707600000, 0x0000000707600000, 0x0000000707700000|  0%| F|  |TAMS 0x0000000707600000, 0x0000000707600000| Untracked 
|  99|0x0000000707700000, 0x0000000707700000, 0x0000000707800000|  0%| F|  |TAMS 0x0000000707700000, 0x0000000707700000| Untracked 
| 100|0x0000000707800000, 0x0000000707800000, 0x0000000707900000|  0%| F|  |TAMS 0x0000000707800000, 0x0000000707800000| Untracked 
| 101|0x0000000707900000, 0x0000000707900000, 0x0000000707a00000|  0%| F|  |TAMS 0x0000000707900000, 0x0000000707900000| Untracked 
| 102|0x0000000707a00000, 0x0000000707a00000, 0x0000000707b00000|  0%| F|  |TAMS 0x0000000707a00000, 0x0000000707a00000| Untracked 
| 103|0x0000000707b00000, 0x0000000707b00000, 0x0000000707c00000|  0%| F|  |TAMS 0x0000000707b00000, 0x0000000707b00000| Untracked 
| 104|0x0000000707c00000, 0x0000000707c00000, 0x0000000707d00000|  0%| F|  |TAMS 0x0000000707c00000, 0x0000000707c00000| Untracked 
| 105|0x0000000707d00000, 0x0000000707d00000, 0x0000000707e00000|  0%| F|  |TAMS 0x0000000707d00000, 0x0000000707d00000| Untracked 
| 106|0x0000000707e00000, 0x0000000707e00000, 0x0000000707f00000|  0%| F|  |TAMS 0x0000000707e00000, 0x0000000707e00000| Untracked 
| 107|0x0000000707f00000, 0x0000000707f00000, 0x0000000708000000|  0%| F|  |TAMS 0x0000000707f00000, 0x0000000707f00000| Untracked 
| 108|0x0000000708000000, 0x0000000708000000, 0x0000000708100000|  0%| F|  |TAMS 0x0000000708000000, 0x0000000708000000| Untracked 
| 109|0x0000000708100000, 0x0000000708100000, 0x0000000708200000|  0%| F|  |TAMS 0x0000000708100000, 0x0000000708100000| Untracked 
| 110|0x0000000708200000, 0x0000000708200000, 0x0000000708300000|  0%| F|  |TAMS 0x0000000708200000, 0x0000000708200000| Untracked 
| 111|0x0000000708300000, 0x0000000708300000, 0x0000000708400000|  0%| F|  |TAMS 0x0000000708300000, 0x0000000708300000| Untracked 
| 112|0x0000000708400000, 0x0000000708400000, 0x0000000708500000|  0%| F|  |TAMS 0x0000000708400000, 0x0000000708400000| Untracked 
| 113|0x0000000708500000, 0x0000000708500000, 0x0000000708600000|  0%| F|  |TAMS 0x0000000708500000, 0x0000000708500000| Untracked 
| 114|0x0000000708600000, 0x0000000708600000, 0x0000000708700000|  0%| F|  |TAMS 0x0000000708600000, 0x0000000708600000| Untracked 
| 115|0x0000000708700000, 0x0000000708700000, 0x0000000708800000|  0%| F|  |TAMS 0x0000000708700000, 0x0000000708700000| Untracked 
| 116|0x0000000708800000, 0x0000000708800000, 0x0000000708900000|  0%| F|  |TAMS 0x0000000708800000, 0x0000000708800000| Untracked 
| 117|0x0000000708900000, 0x0000000708900000, 0x0000000708a00000|  0%| F|  |TAMS 0x0000000708900000, 0x0000000708900000| Untracked 
| 118|0x0000000708a00000, 0x0000000708a00000, 0x0000000708b00000|  0%| F|  |TAMS 0x0000000708a00000, 0x0000000708a00000| Untracked 
| 119|0x0000000708b00000, 0x0000000708b00000, 0x0000000708c00000|  0%| F|  |TAMS 0x0000000708b00000, 0x0000000708b00000| Untracked 
| 120|0x0000000708c00000, 0x0000000708c00000, 0x0000000708d00000|  0%| F|  |TAMS 0x0000000708c00000, 0x0000000708c00000| Untracked 
| 121|0x0000000708d00000, 0x0000000708d00000, 0x0000000708e00000|  0%| F|  |TAMS 0x0000000708d00000, 0x0000000708d00000| Untracked 
| 122|0x0000000708e00000, 0x0000000708e00000, 0x0000000708f00000|  0%| F|  |TAMS 0x0000000708e00000, 0x0000000708e00000| Untracked 
| 123|0x0000000708f00000, 0x0000000708f00000, 0x0000000709000000|  0%| F|  |TAMS 0x0000000708f00000, 0x0000000708f00000| Untracked 
| 124|0x0000000709000000, 0x0000000709000000, 0x0000000709100000|  0%| F|  |TAMS 0x0000000709000000, 0x0000000709000000| Untracked 
| 125|0x0000000709100000, 0x0000000709100000, 0x0000000709200000|  0%| F|  |TAMS 0x0000000709100000, 0x0000000709100000| Untracked 
| 126|0x0000000709200000, 0x0000000709200000, 0x0000000709300000|  0%| F|  |TAMS 0x0000000709200000, 0x0000000709200000| Untracked 
| 127|0x0000000709300000, 0x0000000709300000, 0x0000000709400000|  0%| F|  |TAMS 0x0000000709300000, 0x0000000709300000| Untracked 
| 128|0x0000000709400000, 0x0000000709400000, 0x0000000709500000|  0%| F|  |TAMS 0x0000000709400000, 0x0000000709400000| Untracked 
| 129|0x0000000709500000, 0x0000000709500000, 0x0000000709600000|  0%| F|  |TAMS 0x0000000709500000, 0x0000000709500000| Untracked 
| 130|0x0000000709600000, 0x0000000709600000, 0x0000000709700000|  0%| F|  |TAMS 0x0000000709600000, 0x0000000709600000| Untracked 
| 131|0x0000000709700000, 0x0000000709700000, 0x0000000709800000|  0%| F|  |TAMS 0x0000000709700000, 0x0000000709700000| Untracked 
| 132|0x0000000709800000, 0x0000000709800000, 0x0000000709900000|  0%| F|  |TAMS 0x0000000709800000, 0x0000000709800000| Untracked 
| 133|0x0000000709900000, 0x0000000709900000, 0x0000000709a00000|  0%| F|  |TAMS 0x0000000709900000, 0x0000000709900000| Untracked 
| 134|0x0000000709a00000, 0x0000000709a00000, 0x0000000709b00000|  0%| F|  |TAMS 0x0000000709a00000, 0x0000000709a00000| Untracked 
| 135|0x0000000709b00000, 0x0000000709b00000, 0x0000000709c00000|  0%| F|  |TAMS 0x0000000709b00000, 0x0000000709b00000| Untracked 
| 136|0x0000000709c00000, 0x0000000709c00000, 0x0000000709d00000|  0%| F|  |TAMS 0x0000000709c00000, 0x0000000709c00000| Untracked 
| 137|0x0000000709d00000, 0x0000000709d00000, 0x0000000709e00000|  0%| F|  |TAMS 0x0000000709d00000, 0x0000000709d00000| Untracked 
| 138|0x0000000709e00000, 0x0000000709e00000, 0x0000000709f00000|  0%| F|  |TAMS 0x0000000709e00000, 0x0000000709e00000| Untracked 
| 139|0x0000000709f00000, 0x0000000709f00000, 0x000000070a000000|  0%| F|  |TAMS 0x0000000709f00000, 0x0000000709f00000| Untracked 
| 140|0x000000070a000000, 0x000000070a000000, 0x000000070a100000|  0%| F|  |TAMS 0x000000070a000000, 0x000000070a000000| Untracked 
| 141|0x000000070a100000, 0x000000070a100000, 0x000000070a200000|  0%| F|  |TAMS 0x000000070a100000, 0x000000070a100000| Untracked 
| 142|0x000000070a200000, 0x000000070a200000, 0x000000070a300000|  0%| F|  |TAMS 0x000000070a200000, 0x000000070a200000| Untracked 
| 143|0x000000070a300000, 0x000000070a300000, 0x000000070a400000|  0%| F|  |TAMS 0x000000070a300000, 0x000000070a300000| Untracked 
| 144|0x000000070a400000, 0x000000070a400000, 0x000000070a500000|  0%| F|  |TAMS 0x000000070a400000, 0x000000070a400000| Untracked 
| 145|0x000000070a500000, 0x000000070a500000, 0x000000070a600000|  0%| F|  |TAMS 0x000000070a500000, 0x000000070a500000| Untracked 
| 146|0x000000070a600000, 0x000000070a600000, 0x000000070a700000|  0%| F|  |TAMS 0x000000070a600000, 0x000000070a600000| Untracked 
| 147|0x000000070a700000, 0x000000070a700000, 0x000000070a800000|  0%| F|  |TAMS 0x000000070a700000, 0x000000070a700000| Untracked 
| 148|0x000000070a800000, 0x000000070a800000, 0x000000070a900000|  0%| F|  |TAMS 0x000000070a800000, 0x000000070a800000| Untracked 
| 149|0x000000070a900000, 0x000000070a900000, 0x000000070aa00000|  0%| F|  |TAMS 0x000000070a900000, 0x000000070a900000| Untracked 
| 150|0x000000070aa00000, 0x000000070aa00000, 0x000000070ab00000|  0%| F|  |TAMS 0x000000070aa00000, 0x000000070aa00000| Untracked 
| 151|0x000000070ab00000, 0x000000070ab00000, 0x000000070ac00000|  0%| F|  |TAMS 0x000000070ab00000, 0x000000070ab00000| Untracked 
| 152|0x000000070ac00000, 0x000000070ac00000, 0x000000070ad00000|  0%| F|  |TAMS 0x000000070ac00000, 0x000000070ac00000| Untracked 
| 153|0x000000070ad00000, 0x000000070ad00000, 0x000000070ae00000|  0%| F|  |TAMS 0x000000070ad00000, 0x000000070ad00000| Untracked 
| 154|0x000000070ae00000, 0x000000070ae00000, 0x000000070af00000|  0%| F|  |TAMS 0x000000070ae00000, 0x000000070ae00000| Untracked 
| 155|0x000000070af00000, 0x000000070af00000, 0x000000070b000000|  0%| F|  |TAMS 0x000000070af00000, 0x000000070af00000| Untracked 
| 156|0x000000070b000000, 0x000000070b000000, 0x000000070b100000|  0%| F|  |TAMS 0x000000070b000000, 0x000000070b000000| Untracked 
| 157|0x000000070b100000, 0x000000070b100000, 0x000000070b200000|  0%| F|  |TAMS 0x000000070b100000, 0x000000070b100000| Untracked 
| 158|0x000000070b200000, 0x000000070b200000, 0x000000070b300000|  0%| F|  |TAMS 0x000000070b200000, 0x000000070b200000| Untracked 
| 159|0x000000070b300000, 0x000000070b300000, 0x000000070b400000|  0%| F|  |TAMS 0x000000070b300000, 0x000000070b300000| Untracked 
| 160|0x000000070b400000, 0x000000070b400000, 0x000000070b500000|  0%| F|  |TAMS 0x000000070b400000, 0x000000070b400000| Untracked 
| 161|0x000000070b500000, 0x000000070b500000, 0x000000070b600000|  0%| F|  |TAMS 0x000000070b500000, 0x000000070b500000| Untracked 
| 162|0x000000070b600000, 0x000000070b600000, 0x000000070b700000|  0%| F|  |TAMS 0x000000070b600000, 0x000000070b600000| Untracked 
| 163|0x000000070b700000, 0x000000070b700000, 0x000000070b800000|  0%| F|  |TAMS 0x000000070b700000, 0x000000070b700000| Untracked 
| 164|0x000000070b800000, 0x000000070b800000, 0x000000070b900000|  0%| F|  |TAMS 0x000000070b800000, 0x000000070b800000| Untracked 
| 165|0x000000070b900000, 0x000000070b900000, 0x000000070ba00000|  0%| F|  |TAMS 0x000000070b900000, 0x000000070b900000| Untracked 
| 166|0x000000070ba00000, 0x000000070ba00000, 0x000000070bb00000|  0%| F|  |TAMS 0x000000070ba00000, 0x000000070ba00000| Untracked 
| 167|0x000000070bb00000, 0x000000070bb00000, 0x000000070bc00000|  0%| F|  |TAMS 0x000000070bb00000, 0x000000070bb00000| Untracked 
| 168|0x000000070bc00000, 0x000000070bc00000, 0x000000070bd00000|  0%| F|  |TAMS 0x000000070bc00000, 0x000000070bc00000| Untracked 
| 169|0x000000070bd00000, 0x000000070bd00000, 0x000000070be00000|  0%| F|  |TAMS 0x000000070bd00000, 0x000000070bd00000| Untracked 
| 170|0x000000070be00000, 0x000000070be00000, 0x000000070bf00000|  0%| F|  |TAMS 0x000000070be00000, 0x000000070be00000| Untracked 
| 171|0x000000070bf00000, 0x000000070bf00000, 0x000000070c000000|  0%| F|  |TAMS 0x000000070bf00000, 0x000000070bf00000| Untracked 
| 172|0x000000070c000000, 0x000000070c000000, 0x000000070c100000|  0%| F|  |TAMS 0x000000070c000000, 0x000000070c000000| Untracked 
| 173|0x000000070c100000, 0x000000070c100000, 0x000000070c200000|  0%| F|  |TAMS 0x000000070c100000, 0x000000070c100000| Untracked 
| 174|0x000000070c200000, 0x000000070c200000, 0x000000070c300000|  0%| F|  |TAMS 0x000000070c200000, 0x000000070c200000| Untracked 
| 175|0x000000070c300000, 0x000000070c300000, 0x000000070c400000|  0%| F|  |TAMS 0x000000070c300000, 0x000000070c300000| Untracked 
| 176|0x000000070c400000, 0x000000070c400000, 0x000000070c500000|  0%| F|  |TAMS 0x000000070c400000, 0x000000070c400000| Untracked 
| 177|0x000000070c500000, 0x000000070c500000, 0x000000070c600000|  0%| F|  |TAMS 0x000000070c500000, 0x000000070c500000| Untracked 
| 178|0x000000070c600000, 0x000000070c600000, 0x000000070c700000|  0%| F|  |TAMS 0x000000070c600000, 0x000000070c600000| Untracked 
| 179|0x000000070c700000, 0x000000070c700000, 0x000000070c800000|  0%| F|  |TAMS 0x000000070c700000, 0x000000070c700000| Untracked 
| 180|0x000000070c800000, 0x000000070c800000, 0x000000070c900000|  0%| F|  |TAMS 0x000000070c800000, 0x000000070c800000| Untracked 
| 181|0x000000070c900000, 0x000000070c900000, 0x000000070ca00000|  0%| F|  |TAMS 0x000000070c900000, 0x000000070c900000| Untracked 
| 182|0x000000070ca00000, 0x000000070ca00000, 0x000000070cb00000|  0%| F|  |TAMS 0x000000070ca00000, 0x000000070ca00000| Untracked 
| 183|0x000000070cb00000, 0x000000070cb00000, 0x000000070cc00000|  0%| F|  |TAMS 0x000000070cb00000, 0x000000070cb00000| Untracked 
| 184|0x000000070cc00000, 0x000000070cc00000, 0x000000070cd00000|  0%| F|  |TAMS 0x000000070cc00000, 0x000000070cc00000| Untracked 
| 185|0x000000070cd00000, 0x000000070cd00000, 0x000000070ce00000|  0%| F|  |TAMS 0x000000070cd00000, 0x000000070cd00000| Untracked 
| 186|0x000000070ce00000, 0x000000070ce00000, 0x000000070cf00000|  0%| F|  |TAMS 0x000000070ce00000, 0x000000070ce00000| Untracked 
| 187|0x000000070cf00000, 0x000000070cf00000, 0x000000070d000000|  0%| F|  |TAMS 0x000000070cf00000, 0x000000070cf00000| Untracked 
| 188|0x000000070d000000, 0x000000070d000000, 0x000000070d100000|  0%| F|  |TAMS 0x000000070d000000, 0x000000070d000000| Untracked 
| 189|0x000000070d100000, 0x000000070d100000, 0x000000070d200000|  0%| F|  |TAMS 0x000000070d100000, 0x000000070d100000| Untracked 
| 190|0x000000070d200000, 0x000000070d200000, 0x000000070d300000|  0%| F|  |TAMS 0x000000070d200000, 0x000000070d200000| Untracked 
| 191|0x000000070d300000, 0x000000070d300000, 0x000000070d400000|  0%| F|  |TAMS 0x000000070d300000, 0x000000070d300000| Untracked 
| 192|0x000000070d400000, 0x000000070d400000, 0x000000070d500000|  0%| F|  |TAMS 0x000000070d400000, 0x000000070d400000| Untracked 
| 193|0x000000070d500000, 0x000000070d500000, 0x000000070d600000|  0%| F|  |TAMS 0x000000070d500000, 0x000000070d500000| Untracked 
| 194|0x000000070d600000, 0x000000070d600000, 0x000000070d700000|  0%| F|  |TAMS 0x000000070d600000, 0x000000070d600000| Untracked 
| 195|0x000000070d700000, 0x000000070d700000, 0x000000070d800000|  0%| F|  |TAMS 0x000000070d700000, 0x000000070d700000| Untracked 
| 196|0x000000070d800000, 0x000000070d800000, 0x000000070d900000|  0%| F|  |TAMS 0x000000070d800000, 0x000000070d800000| Untracked 
| 197|0x000000070d900000, 0x000000070d900000, 0x000000070da00000|  0%| F|  |TAMS 0x000000070d900000, 0x000000070d900000| Untracked 
| 198|0x000000070da00000, 0x000000070da00000, 0x000000070db00000|  0%| F|  |TAMS 0x000000070da00000, 0x000000070da00000| Untracked 
| 199|0x000000070db00000, 0x000000070db00000, 0x000000070dc00000|  0%| F|  |TAMS 0x000000070db00000, 0x000000070db00000| Untracked 
| 200|0x000000070dc00000, 0x000000070dc00000, 0x000000070dd00000|  0%| F|  |TAMS 0x000000070dc00000, 0x000000070dc00000| Untracked 
| 201|0x000000070dd00000, 0x000000070dd00000, 0x000000070de00000|  0%| F|  |TAMS 0x000000070dd00000, 0x000000070dd00000| Untracked 
| 202|0x000000070de00000, 0x000000070de00000, 0x000000070df00000|  0%| F|  |TAMS 0x000000070de00000, 0x000000070de00000| Untracked 
| 203|0x000000070df00000, 0x000000070df00000, 0x000000070e000000|  0%| F|  |TAMS 0x000000070df00000, 0x000000070df00000| Untracked 
| 204|0x000000070e000000, 0x000000070e000000, 0x000000070e100000|  0%| F|  |TAMS 0x000000070e000000, 0x000000070e000000| Untracked 
| 205|0x000000070e100000, 0x000000070e100000, 0x000000070e200000|  0%| F|  |TAMS 0x000000070e100000, 0x000000070e100000| Untracked 
| 206|0x000000070e200000, 0x000000070e200000, 0x000000070e300000|  0%| F|  |TAMS 0x000000070e200000, 0x000000070e200000| Untracked 
| 207|0x000000070e300000, 0x000000070e300000, 0x000000070e400000|  0%| F|  |TAMS 0x000000070e300000, 0x000000070e300000| Untracked 
| 208|0x000000070e400000, 0x000000070e400000, 0x000000070e500000|  0%| F|  |TAMS 0x000000070e400000, 0x000000070e400000| Untracked 
| 209|0x000000070e500000, 0x000000070e500000, 0x000000070e600000|  0%| F|  |TAMS 0x000000070e500000, 0x000000070e500000| Untracked 
| 210|0x000000070e600000, 0x000000070e600000, 0x000000070e700000|  0%| F|  |TAMS 0x000000070e600000, 0x000000070e600000| Untracked 
| 211|0x000000070e700000, 0x000000070e700000, 0x000000070e800000|  0%| F|  |TAMS 0x000000070e700000, 0x000000070e700000| Untracked 
| 212|0x000000070e800000, 0x000000070e800000, 0x000000070e900000|  0%| F|  |TAMS 0x000000070e800000, 0x000000070e800000| Untracked 
| 213|0x000000070e900000, 0x000000070e900000, 0x000000070ea00000|  0%| F|  |TAMS 0x000000070e900000, 0x000000070e900000| Untracked 
| 214|0x000000070ea00000, 0x000000070ea00000, 0x000000070eb00000|  0%| F|  |TAMS 0x000000070ea00000, 0x000000070ea00000| Untracked 
| 215|0x000000070eb00000, 0x000000070eb00000, 0x000000070ec00000|  0%| F|  |TAMS 0x000000070eb00000, 0x000000070eb00000| Untracked 
| 216|0x000000070ec00000, 0x000000070ec00000, 0x000000070ed00000|  0%| F|  |TAMS 0x000000070ec00000, 0x000000070ec00000| Untracked 
| 217|0x000000070ed00000, 0x000000070ed00000, 0x000000070ee00000|  0%| F|  |TAMS 0x000000070ed00000, 0x000000070ed00000| Untracked 
| 218|0x000000070ee00000, 0x000000070ee00000, 0x000000070ef00000|  0%| F|  |TAMS 0x000000070ee00000, 0x000000070ee00000| Untracked 
| 219|0x000000070ef00000, 0x000000070ef00000, 0x000000070f000000|  0%| F|  |TAMS 0x000000070ef00000, 0x000000070ef00000| Untracked 
| 220|0x000000070f000000, 0x000000070f000000, 0x000000070f100000|  0%| F|  |TAMS 0x000000070f000000, 0x000000070f000000| Untracked 
| 221|0x000000070f100000, 0x000000070f100000, 0x000000070f200000|  0%| F|  |TAMS 0x000000070f100000, 0x000000070f100000| Untracked 
| 222|0x000000070f200000, 0x000000070f200000, 0x000000070f300000|  0%| F|  |TAMS 0x000000070f200000, 0x000000070f200000| Untracked 
| 223|0x000000070f300000, 0x000000070f300000, 0x000000070f400000|  0%| F|  |TAMS 0x000000070f300000, 0x000000070f300000| Untracked 
| 224|0x000000070f400000, 0x000000070f400000, 0x000000070f500000|  0%| F|  |TAMS 0x000000070f400000, 0x000000070f400000| Untracked 
| 225|0x000000070f500000, 0x000000070f500000, 0x000000070f600000|  0%| F|  |TAMS 0x000000070f500000, 0x000000070f500000| Untracked 
| 226|0x000000070f600000, 0x000000070f600000, 0x000000070f700000|  0%| F|  |TAMS 0x000000070f600000, 0x000000070f600000| Untracked 
| 227|0x000000070f700000, 0x000000070f700000, 0x000000070f800000|  0%| F|  |TAMS 0x000000070f700000, 0x000000070f700000| Untracked 
| 228|0x000000070f800000, 0x000000070f800000, 0x000000070f900000|  0%| F|  |TAMS 0x000000070f800000, 0x000000070f800000| Untracked 
| 229|0x000000070f900000, 0x000000070f900000, 0x000000070fa00000|  0%| F|  |TAMS 0x000000070f900000, 0x000000070f900000| Untracked 
| 230|0x000000070fa00000, 0x000000070fa00000, 0x000000070fb00000|  0%| F|  |TAMS 0x000000070fa00000, 0x000000070fa00000| Untracked 
| 231|0x000000070fb00000, 0x000000070fb00000, 0x000000070fc00000|  0%| F|  |TAMS 0x000000070fb00000, 0x000000070fb00000| Untracked 
| 232|0x000000070fc00000, 0x000000070fc00000, 0x000000070fd00000|  0%| F|  |TAMS 0x000000070fc00000, 0x000000070fc00000| Untracked 
| 233|0x000000070fd00000, 0x000000070fd00000, 0x000000070fe00000|  0%| F|  |TAMS 0x000000070fd00000, 0x000000070fd00000| Untracked 
| 234|0x000000070fe00000, 0x000000070fe00000, 0x000000070ff00000|  0%| F|  |TAMS 0x000000070fe00000, 0x000000070fe00000| Untracked 
| 235|0x000000070ff00000, 0x000000070ff24e30, 0x0000000710000000| 14%| S|CS|TAMS 0x000000070ff00000, 0x000000070ff00000| Complete 
| 236|0x0000000710000000, 0x0000000710100000, 0x0000000710100000|100%| S|CS|TAMS 0x0000000710000000, 0x0000000710000000| Complete 
| 237|0x0000000710100000, 0x0000000710200000, 0x0000000710200000|100%| S|CS|TAMS 0x0000000710100000, 0x0000000710100000| Complete 
| 238|0x0000000710200000, 0x0000000710300000, 0x0000000710300000|100%| S|CS|TAMS 0x0000000710200000, 0x0000000710200000| Complete 
| 239|0x0000000710300000, 0x0000000710400000, 0x0000000710400000|100%| S|CS|TAMS 0x0000000710300000, 0x0000000710300000| Complete 
| 240|0x0000000710400000, 0x0000000710500000, 0x0000000710500000|100%| S|CS|TAMS 0x0000000710400000, 0x0000000710400000| Complete 
| 241|0x0000000710500000, 0x0000000710600000, 0x0000000710600000|100%| S|CS|TAMS 0x0000000710500000, 0x0000000710500000| Complete 
| 242|0x0000000710600000, 0x0000000710700000, 0x0000000710700000|100%| S|CS|TAMS 0x0000000710600000, 0x0000000710600000| Complete 
| 243|0x0000000710700000, 0x0000000710700000, 0x0000000710800000|  0%| F|  |TAMS 0x0000000710700000, 0x0000000710700000| Untracked 
| 244|0x0000000710800000, 0x0000000710800000, 0x0000000710900000|  0%| F|  |TAMS 0x0000000710800000, 0x0000000710800000| Untracked 
| 245|0x0000000710900000, 0x0000000710900000, 0x0000000710a00000|  0%| F|  |TAMS 0x0000000710900000, 0x0000000710900000| Untracked 
| 246|0x0000000710a00000, 0x0000000710a00000, 0x0000000710b00000|  0%| F|  |TAMS 0x0000000710a00000, 0x0000000710a00000| Untracked 
| 247|0x0000000710b00000, 0x0000000710b00000, 0x0000000710c00000|  0%| F|  |TAMS 0x0000000710b00000, 0x0000000710b00000| Untracked 
| 248|0x0000000710c00000, 0x0000000710c00000, 0x0000000710d00000|  0%| F|  |TAMS 0x0000000710c00000, 0x0000000710c00000| Untracked 
| 249|0x0000000710d00000, 0x0000000710d00000, 0x0000000710e00000|  0%| F|  |TAMS 0x0000000710d00000, 0x0000000710d00000| Untracked 
| 250|0x0000000710e00000, 0x0000000710e00000, 0x0000000710f00000|  0%| F|  |TAMS 0x0000000710e00000, 0x0000000710e00000| Untracked 
| 251|0x0000000710f00000, 0x0000000710f00000, 0x0000000711000000|  0%| F|  |TAMS 0x0000000710f00000, 0x0000000710f00000| Untracked 
| 252|0x0000000711000000, 0x0000000711000000, 0x0000000711100000|  0%| F|  |TAMS 0x0000000711000000, 0x0000000711000000| Untracked 
| 253|0x0000000711100000, 0x0000000711100000, 0x0000000711200000|  0%| F|  |TAMS 0x0000000711100000, 0x0000000711100000| Untracked 
| 254|0x0000000711200000, 0x0000000711200000, 0x0000000711300000|  0%| F|  |TAMS 0x0000000711200000, 0x0000000711200000| Untracked 
| 255|0x0000000711300000, 0x0000000711300000, 0x0000000711400000|  0%| F|  |TAMS 0x0000000711300000, 0x0000000711300000| Untracked 

Card table byte_map: [0x000002dacecb0000,0x000002dacf4b0000] _byte_map_base: 0x000002dacb4a6000

Marking Bits (Prev, Next): (CMBitMap*) 0x000002dab6880b30, (CMBitMap*) 0x000002dab6880af8
 Prev Bits: [0x000002dad3c60000, 0x000002dad7c10000)
 Next Bits: [0x000002dacfcb0000, 0x000002dad3c60000)

Polling page: 0x000002dab46a0000

Metaspace:

Usage:
  Non-class:     30.07 MB capacity,    29.38 MB ( 98%) used,   564.37 KB (  2%) free+waste,   143.50 KB ( <1%) overhead. 
      Class:      4.60 MB capacity,     4.08 MB ( 89%) used,   456.95 KB ( 10%) free+waste,    72.13 KB (  2%) overhead. 
       Both:     34.67 MB capacity,    33.47 MB ( 97%) used,  1021.32 KB (  3%) free+waste,   215.63 KB ( <1%) overhead. 

Virtual space:
  Non-class space:       32.00 MB reserved,      30.17 MB ( 94%) committed 
      Class space:        1.00 GB reserved,       4.63 MB ( <1%) committed 
             Both:        1.03 GB reserved,      34.79 MB (  3%) committed 

Chunk freelists:
   Non-Class:  52.00 KB
       Class:  25.00 KB
        Both:  77.00 KB

MaxMetaspaceSize: 17179869184.00 GB
CompressedClassSpaceSize: 1.00 GB
Initial GC threshold: 20.80 MB
Current GC threshold: 34.79 MB
CDS: off

CodeHeap 'non-profiled nmethods': size=238336Kb used=5186Kb max_used=5186Kb free=233150Kb
 bounds [0x000002dabf6a0000, 0x000002dabfbc0000, 0x000002dacdf60000]
CodeHeap 'non-nmethods': size=7424Kb used=1219Kb max_used=1219Kb free=6204Kb
 bounds [0x000002dabef60000, 0x000002dabf1d0000, 0x000002dabf6a0000]
 total_blobs=3853 nmethods=3357 adapters=422
 compilation: enabled
              stopped_count=0, restarted_count=0
 full_count=0

Compilation events (20 events):
Event: 1.257 Thread 0x000002dadb2e2800 3338       1       java.lang.Class::getAnnotation (22 bytes)
Event: 1.257 Thread 0x000002dadb2e2800 nmethod 3338 0x000002dabfbab310 code [0x000002dabfbab4e0, 0x000002dabfbab708]
Event: 1.257 Thread 0x000002dadb2e2800 3339       1       javax.management.JMX::isMXBeanInterface (58 bytes)
Event: 1.258 Thread 0x000002dadb2e2800 nmethod 3339 0x000002dabfbab890 code [0x000002dabfbabaa0, 0x000002dabfbabdc8]
Event: 1.258 Thread 0x000002dadb2e2800 3340       1       org.springframework.jmx.support.JmxUtils::getMBeanInterface (92 bytes)
Event: 1.258 Thread 0x000002dadb2e2800 nmethod 3340 0x000002dabfbac010 code [0x000002dabfbac260, 0x000002dabfbac758]
Event: 1.258 Thread 0x000002dadb2e2800 3341       1       org.springframework.jmx.support.JmxUtils::getMXBeanInterface (63 bytes)
Event: 1.258 Thread 0x000002dadb2e2800 nmethod 3341 0x000002dabfbaca90 code [0x000002dabfbacc80, 0x000002dabfbace68]
Event: 1.258 Thread 0x000002dadb2e2800 3342   !   1       com.sun.proxy.$Proxy24::annotationType (29 bytes)
Event: 1.258 Thread 0x000002dadb2e2800 nmethod 3342 0x000002dabfbad010 code [0x000002dabfbad1e0, 0x000002dabfbad3b8]
Event: 1.258 Thread 0x000002dadb2e2800 3343       1       org.springframework.jmx.export.MBeanExporter::isExcluded (49 bytes)
Event: 1.258 Thread 0x000002dadb2e2800 nmethod 3343 0x000002dabfbad510 code [0x000002dabfbad6e0, 0x000002dabfbad8b8]
Event: 1.258 Thread 0x000002dadb2e2800 3344       1       org.springframework.jmx.export.MBeanExporter::isBeanDefinitionAbstract (41 bytes)
Event: 1.258 Thread 0x000002dadb2e2800 nmethod 3344 0x000002dabfbada10 code [0x000002dabfbadbe0, 0x000002dabfbade48]
Event: 1.258 Thread 0x000002dadb2e2800 3345       1       org.springframework.core.annotation.MissingMergedAnnotation::withNonMergedAttributes (2 bytes)
Event: 1.259 Thread 0x000002dadb2e2800 nmethod 3345 0x000002dabfbadf90 code [0x000002dabfbae140, 0x000002dabfbae1f8]
Event: 1.260 Thread 0x000002dadb2e2800 3355       1       org.apache.catalina.LifecycleState::getLifecycleEvent (5 bytes)
Event: 1.260 Thread 0x000002dadb2e2800 nmethod 3355 0x000002dabfbafd90 code [0x000002dabfbaff40, 0x000002dabfbafff8]
Event: 1.262 Thread 0x000002dadb2e2800 3357       1       java.nio.Buffer::mark (10 bytes)
Event: 1.262 Thread 0x000002dadb2e2800 nmethod 3357 0x000002dabfbb0510 code [0x000002dabfbb06c0, 0x000002dabfbb0778]

GC Heap History (9 events):
Event: 0.411 GC heap before
{Heap before GC invocations=0 (full 0):
 garbage-first heap   total 262144K, used 23552K [0x0000000701400000, 0x0000000800000000)
  region size 1024K, 24 young (24576K), 0 survivors (0K)
 Metaspace       used 15068K, capacity 15522K, committed 15616K, reserved 1062912K
  class space    used 1609K, capacity 1776K, committed 1792K, reserved 1048576K
}
Event: 0.414 GC heap after
{Heap after GC invocations=1 (full 0):
 garbage-first heap   total 262144K, used 5171K [0x0000000701400000, 0x0000000800000000)
  region size 1024K, 3 young (3072K), 3 survivors (3072K)
 Metaspace       used 15068K, capacity 15522K, committed 15616K, reserved 1062912K
  class space    used 1609K, capacity 1776K, committed 1792K, reserved 1048576K
}
Event: 0.580 GC heap before
{Heap before GC invocations=1 (full 0):
 garbage-first heap   total 262144K, used 30771K [0x0000000701400000, 0x0000000800000000)
  region size 1024K, 29 young (29696K), 3 survivors (3072K)
 Metaspace       used 20379K, capacity 21050K, committed 21248K, reserved 1069056K
  class space    used 2317K, capacity 2547K, committed 2560K, reserved 1048576K
}
Event: 0.583 GC heap after
{Heap after GC invocations=2 (full 0):
 garbage-first heap   total 262144K, used 6717K [0x0000000701400000, 0x0000000800000000)
  region size 1024K, 5 young (5120K), 5 survivors (5120K)
 Metaspace       used 20379K, capacity 21050K, committed 21248K, reserved 1069056K
  class space    used 2317K, capacity 2547K, committed 2560K, reserved 1048576K
}
Event: 0.747 GC heap before
{Heap before GC invocations=3 (full 0):
 garbage-first heap   total 262144K, used 37437K [0x0000000701400000, 0x0000000800000000)
  region size 1024K, 35 young (35840K), 5 survivors (5120K)
 Metaspace       used 24042K, capacity 24803K, committed 24960K, reserved 1071104K
  class space    used 2815K, capacity 3139K, committed 3200K, reserved 1048576K
}
Event: 0.751 GC heap after
{Heap after GC invocations=4 (full 0):
 garbage-first heap   total 262144K, used 8158K [0x0000000701400000, 0x0000000800000000)
  region size 1024K, 3 young (3072K), 3 survivors (3072K)
 Metaspace       used 24042K, capacity 24803K, committed 24960K, reserved 1071104K
  class space    used 2815K, capacity 3139K, committed 3200K, reserved 1048576K
}
Event: 1.166 GC heap before
{Heap before GC invocations=4 (full 0):
 garbage-first heap   total 262144K, used 71646K [0x0000000701400000, 0x0000000800000000)
  region size 1024K, 65 young (66560K), 3 survivors (3072K)
 Metaspace       used 32437K, capacity 33606K, committed 33664K, reserved 1079296K
  class space    used 3939K, capacity 4439K, committed 4480K, reserved 1048576K
}
Event: 1.170 GC heap after
{Heap after GC invocations=5 (full 0):
 garbage-first heap   total 262144K, used 12478K [0x0000000701400000, 0x0000000800000000)
  region size 1024K, 8 young (8192K), 8 survivors (8192K)
 Metaspace       used 32437K, capacity 33606K, committed 33664K, reserved 1079296K
  class space    used 3939K, capacity 4439K, committed 4480K, reserved 1048576K
}
Event: 1.263 GC heap before
{Heap before GC invocations=5 (full 0):
 garbage-first heap   total 262144K, used 24766K [0x0000000701400000, 0x0000000800000000)
  region size 1024K, 21 young (21504K), 8 survivors (8192K)
 Metaspace       used 34270K, capacity 35507K, committed 35628K, reserved 1081344K
  class space    used 4181K, capacity 4711K, committed 4736K, reserved 1048576K
}

Deoptimization events (0 events):
No events

Classes redefined (0 events):
No events

Internal exceptions (20 events):
Event: 1.099 Thread 0x000002dadd104800 Exception <a 'java/lang/NoSuchMethodError'{0x000000070dc09128}: <clinit>> (0x000000070dc09128) thrown at [./src/hotspot/share/prims/jni.cpp, line 1367]
Event: 1.103 Thread 0x000002dab6818000 Exception <a 'java/io/FileNotFoundException'{0x000000070dcf9020}> (0x000000070dcf9020) thrown at [./src/hotspot/share/prims/jni.cpp, line 617]
Event: 1.128 Thread 0x000002dab6818000 Exception <a 'java/lang/ClassNotFoundException'{0x000000070d84fd00}: java/lang/ObjectCustomizer> (0x000000070d84fd00) thrown at [./src/hotspot/share/classfile/systemDictionary.cpp, line 230]
Event: 1.128 Thread 0x000002dab6818000 Exception <a 'java/lang/ClassNotFoundException'{0x000000070d8616d8}: org/springframework/web/servlet/config/annotation/WebMvcConfigurationSupportCustomizer> (0x000000070d8616d8) thrown at [./src/hotspot/share/classfile/systemDictionary.cpp, line 230]
Event: 1.128 Thread 0x000002dab6818000 Exception <a 'java/lang/ClassNotFoundException'{0x000000070d87f658}: org/springframework/web/servlet/config/annotation/DelegatingWebMvcConfigurationCustomizer> (0x000000070d87f658) thrown at [./src/hotspot/share/classfile/systemDictionary.cpp, line 230]
Event: 1.129 Thread 0x000002dab6818000 Exception <a 'java/lang/ClassNotFoundException'{0x000000070d894cf0}: org/springframework/boot/autoconfigure/web/servlet/WebMvcAutoConfiguration$EnableWebMvcConfigurationCustomizer> (0x000000070d894cf0) thrown at [./src/hotspot/share/classfile/systemDictionary.cpp, line 230]
Event: 1.129 Thread 0x000002dab6818000 Exception <a 'java/lang/ClassNotFoundException'{0x000000070d8b1048}: org/springframework/context/ResourceLoaderAwareCustomizer> (0x000000070d8b1048) thrown at [./src/hotspot/share/classfile/systemDictionary.cpp, line 230]
Event: 1.129 Thread 0x000002dab6818000 Exception <a 'java/lang/ClassNotFoundException'{0x000000070d8bd2a8}: org/springframework/beans/factory/AwareCustomizer> (0x000000070d8bd2a8) thrown at [./src/hotspot/share/classfile/systemDictionary.cpp, line 230]
Event: 1.130 Thread 0x000002dab6818000 Exception <a 'java/lang/ClassNotFoundException'{0x000000070d8c97e8}: org/springframework/context/ApplicationContextAwareCustomizer> (0x000000070d8c97e8) thrown at [./src/hotspot/share/classfile/systemDictionary.cpp, line 230]
Event: 1.130 Thread 0x000002dab6818000 Exception <a 'java/lang/ClassNotFoundException'{0x000000070d8d63e8}: org/springframework/beans/factory/AwareCustomizer> (0x000000070d8d63e8) thrown at [./src/hotspot/share/classfile/systemDictionary.cpp, line 230]
Event: 1.130 Thread 0x000002dab6818000 Exception <a 'java/lang/ClassNotFoundException'{0x000000070d8e2900}: org/springframework/web/context/ServletContextAwareCustomizer> (0x000000070d8e2900) thrown at [./src/hotspot/share/classfile/systemDictionary.cpp, line 230]
Event: 1.130 Thread 0x000002dab6818000 Exception <a 'java/lang/ClassNotFoundException'{0x000000070d8eefc8}: org/springframework/beans/factory/AwareCustomizer> (0x000000070d8eefc8) thrown at [./src/hotspot/share/classfile/systemDictionary.cpp, line 230]
Event: 1.175 Thread 0x000002dab6818000 Exception <a 'java/lang/NoSuchMethodError'{0x0000000711200878}: 'void java.lang.invoke.DirectMethodHandle$Holder.invokeVirtual(java.lang.Object, java.lang.Object, int)'> (0x0000000711200878) thrown at [./src/hotspot/share/interpreter/linkResolver.cpp, line 773]
Event: 1.176 Thread 0x000002dab6818000 Exception <a 'java/lang/NoSuchMethodError'{0x000000071121a710}: 'void java.lang.invoke.DirectMethodHandle$Holder.invokeVirtual(java.lang.Object, java.lang.Object, long)'> (0x000000071121a710) thrown at [./src/hotspot/share/interpreter/linkResolver.cpp, line 773]
Event: 1.216 Thread 0x000002dab6818000 Exception <a 'java/lang/IncompatibleClassChangeError'{0x0000000710d28c88}: Found class java.lang.Object, but interface was expected> (0x0000000710d28c88) thrown at [./src/hotspot/share/interpreter/linkResolver.cpp, line 839]
Event: 1.225 Thread 0x000002dab6818000 Exception <a 'java/lang/NoSuchMethodError'{0x0000000710c4b2a8}: 'int java.lang.invoke.DirectMethodHandle$Holder.invokeStaticInit(java.lang.Object, java.lang.Object, java.lang.Object, java.lang.Object)'> (0x0000000710c4b2a8) thrown at [./src/hotspot/share/interpreter/linkResolver.cpp, line 773]
Event: 1.259 Thread 0x000002dab6818000 Exception <a 'java/lang/NoSuchMethodError'{0x000000071073a450}: 'java.lang.Object java.lang.invoke.DirectMethodHandle$Holder.invokeSpecial(java.lang.Object, java.lang.Object, int, java.lang.Object, int, java.lang.Object)'> (0x000000071073a450) thrown at [./src/hotspot/share/interpreter/linkResolver.cpp, line 773]
Event: 1.259 Thread 0x000002dab6818000 Exception <a 'java/lang/NoSuchMethodError'{0x0000000710741938}: 'java.lang.Object java.lang.invoke.DirectMethodHandle$Holder.invokeStatic(java.lang.Object, java.lang.Object, int, java.lang.Object, int)'> (0x0000000710741938) thrown at [./src/hotspot/share/interpreter/linkResolver.cpp, line 773]
Event: 1.259 Thread 0x000002dab6818000 Exception <a 'java/lang/NoSuchMethodError'{0x0000000710745118}: 'java.lang.Object java.lang.invoke.DirectMethodHandle$Holder.invokeSpecial(java.lang.Object, java.lang.Object, java.lang.Object, int, java.lang.Object, int)'> (0x0000000710745118) thrown at [./src/hotspot/share/interpreter/linkResolver.cpp, line 773]
Event: 1.260 Thread 0x000002dab6818000 Exception <a 'java/lang/NoSuchMethodError'{0x0000000710751e98}: 'void java.lang.invoke.DirectMethodHandle$Holder.invokeVirtual(java.lang.Object, java.lang.Object)'> (0x0000000710751e98) thrown at [./src/hotspot/share/interpreter/linkResolver.cpp, line 773]

Events (20 events):
Event: 1.261 loading class jdk/net/ExtendedSocketOptions$1 done
Event: 1.261 loading class sun/nio/ch/ServerSocketAdaptor
Event: 1.261 loading class sun/nio/ch/ServerSocketAdaptor done
Event: 1.261 loading class java/net/StandardProtocolFamily
Event: 1.261 loading class java/net/StandardProtocolFamily done
Event: 1.262 loading class org/apache/tomcat/util/threads/TaskQueue
Event: 1.262 loading class org/apache/tomcat/util/threads/TaskQueue done
Event: 1.262 loading class org/apache/tomcat/util/threads/LocalStrings
Event: 1.262 loading class org/apache/tomcat/util/threads/LocalStrings done
Event: 1.262 loading class org/apache/tomcat/util/threads/LocalStrings_ko
Event: 1.262 loading class org/apache/tomcat/util/threads/LocalStrings_ko done
Event: 1.262 loading class org/apache/tomcat/util/threads/LocalStrings_ko_KR
Event: 1.262 loading class org/apache/tomcat/util/threads/LocalStrings_ko_KR done
Event: 1.263 loading class org/apache/tomcat/util/threads/ThreadPoolExecutor
Event: 1.263 loading class org/apache/tomcat/util/threads/ThreadPoolExecutor done
Event: 1.263 loading class org/apache/tomcat/util/threads/ThreadPoolExecutor$RejectPolicy
Event: 1.263 loading class org/apache/tomcat/util/threads/ThreadPoolExecutor$RejectPolicy done
Event: 1.263 loading class org/apache/tomcat/util/threads/ThreadPoolExecutor$RejectedExecutionHandler
Event: 1.263 loading class org/apache/tomcat/util/threads/ThreadPoolExecutor$RejectedExecutionHandler done
Event: 1.263 Executing VM operation: CollectForMetadataAllocation


Dynamic libraries:
0x00007ff7da1a0000 - 0x00007ff7da1ad000 	C:\Users\H\.jdks\corretto-11.0.15\bin\java.exe
0x00007ffa5c740000 - 0x00007ffa5c930000 	C:\WINDOWS\SYSTEM32\ntdll.dll
0x00007ffa5ad70000 - 0x00007ffa5ae22000 	C:\WINDOWS\System32\KERNEL32.DLL
0x00007ffa59ca0000 - 0x00007ffa59f45000 	C:\WINDOWS\System32\KERNELBASE.dll
0x00007ffa59f50000 - 0x00007ffa5a04a000 	C:\WINDOWS\System32\ucrtbase.dll
0x00007ffa56db0000 - 0x00007ffa56dc7000 	C:\Users\H\.jdks\corretto-11.0.15\bin\jli.dll
0x00007ffa54cf0000 - 0x00007ffa54d09000 	C:\Users\H\.jdks\corretto-11.0.15\bin\VCRUNTIME140.dll
0x00007ffa5b520000 - 0x00007ffa5b6b4000 	C:\WINDOWS\System32\USER32.dll
0x00007ffa4c2e0000 - 0x00007ffa4c564000 	C:\WINDOWS\WinSxS\amd64_microsoft.windows.common-controls_6595b64144ccf1df_6.0.18362.1556_none_9e7e372fe45e41d5\COMCTL32.dll
0x00007ffa59a10000 - 0x00007ffa59a31000 	C:\WINDOWS\System32\win32u.dll
0x00007ffa5b6c0000 - 0x00007ffa5b75e000 	C:\WINDOWS\System32\msvcrt.dll
0x00007ffa5ac30000 - 0x00007ffa5ac56000 	C:\WINDOWS\System32\GDI32.dll
0x00007ffa5b760000 - 0x00007ffa5ba96000 	C:\WINDOWS\System32\combase.dll
0x00007ffa59740000 - 0x00007ffa598d8000 	C:\WINDOWS\System32\gdi32full.dll
0x00007ffa5ae30000 - 0x00007ffa5af4f000 	C:\WINDOWS\System32\RPCRT4.dll
0x00007ffa598e0000 - 0x00007ffa5997e000 	C:\WINDOWS\System32\msvcp_win.dll
0x00007ffa59980000 - 0x00007ffa59a01000 	C:\WINDOWS\System32\bcryptPrimitives.dll
0x00007ffa5b100000 - 0x00007ffa5b12e000 	C:\WINDOWS\System32\IMM32.DLL
0x00007ffa53050000 - 0x00007ffa530eb000 	C:\Users\H\.jdks\corretto-11.0.15\bin\msvcp140.dll
0x00007ffa1ac80000 - 0x00007ffa1b803000 	C:\Users\H\.jdks\corretto-11.0.15\bin\server\jvm.dll
0x00007ffa5b270000 - 0x00007ffa5b313000 	C:\WINDOWS\System32\ADVAPI32.dll
0x00007ffa5b320000 - 0x00007ffa5b3b7000 	C:\WINDOWS\System32\sechost.dll
0x00007ffa5c6e0000 - 0x00007ffa5c6e8000 	C:\WINDOWS\System32\PSAPI.DLL
0x00007ffa57420000 - 0x00007ffa57444000 	C:\WINDOWS\SYSTEM32\WINMM.dll
0x00007ffa30cd0000 - 0x00007ffa30cd9000 	C:\WINDOWS\SYSTEM32\WSOCK32.dll
0x00007ffa521e0000 - 0x00007ffa521ea000 	C:\WINDOWS\SYSTEM32\VERSION.dll
0x00007ffa5a850000 - 0x00007ffa5a8bf000 	C:\WINDOWS\System32\WS2_32.dll
0x00007ffa572a0000 - 0x00007ffa572cd000 	C:\WINDOWS\SYSTEM32\WINMMBASE.dll
0x00007ffa59c50000 - 0x00007ffa59c9a000 	C:\WINDOWS\System32\cfgmgr32.dll
0x00007ffa59620000 - 0x00007ffa59631000 	C:\WINDOWS\System32\kernel.appcore.dll
0x00007ffa56da0000 - 0x00007ffa56db0000 	C:\Users\H\.jdks\corretto-11.0.15\bin\verify.dll
0x00007ffa40e80000 - 0x00007ffa41074000 	C:\WINDOWS\SYSTEM32\DBGHELP.DLL
0x00007ffa40e50000 - 0x00007ffa40e7a000 	C:\WINDOWS\SYSTEM32\dbgcore.DLL
0x00007ffa54cc0000 - 0x00007ffa54ce8000 	C:\Users\H\.jdks\corretto-11.0.15\bin\java.dll
0x00007ffa54c90000 - 0x00007ffa54c9a000 	C:\Users\H\.jdks\corretto-11.0.15\bin\jimage.dll
0x00007ffa53040000 - 0x00007ffa5304e000 	C:\Users\H\.jdks\corretto-11.0.15\bin\instrument.dll
0x00007ffa54c70000 - 0x00007ffa54c88000 	C:\Users\H\.jdks\corretto-11.0.15\bin\zip.dll
0x00007ffa5bff0000 - 0x00007ffa5c6d7000 	C:\WINDOWS\System32\SHELL32.dll
0x00007ffa5aa40000 - 0x00007ffa5aae8000 	C:\WINDOWS\System32\shcore.dll
0x00007ffa5a070000 - 0x00007ffa5a7eb000 	C:\WINDOWS\System32\windows.storage.dll
0x00007ffa59690000 - 0x00007ffa596ae000 	C:\WINDOWS\System32\profapi.dll
0x00007ffa59640000 - 0x00007ffa5968a000 	C:\WINDOWS\System32\powrprof.dll
0x00007ffa595f0000 - 0x00007ffa59600000 	C:\WINDOWS\System32\UMPDC.dll
0x00007ffa5ad00000 - 0x00007ffa5ad52000 	C:\WINDOWS\System32\shlwapi.dll
0x00007ffa5a050000 - 0x00007ffa5a067000 	C:\WINDOWS\System32\cryptsp.dll
0x00007ffa4e4e0000 - 0x00007ffa4e4f9000 	C:\Users\H\.jdks\corretto-11.0.15\bin\net.dll
0x00007ffa542b0000 - 0x00007ffa543aa000 	C:\WINDOWS\SYSTEM32\WINHTTP.dll
0x00007ffa58e30000 - 0x00007ffa58e97000 	C:\WINDOWS\system32\mswsock.dll
0x00007ffa4e2c0000 - 0x00007ffa4e2d3000 	C:\Users\H\.jdks\corretto-11.0.15\bin\nio.dll
0x00007ffa4e250000 - 0x00007ffa4e26a000 	C:\Program Files\JetBrains\IntelliJ IDEA 2021.2.3\bin\breakgen64.dll
0x00007ffa58b80000 - 0x00007ffa58c4b000 	C:\WINDOWS\SYSTEM32\DNSAPI.dll
0x00007ffa5ad60000 - 0x00007ffa5ad68000 	C:\WINDOWS\System32\NSI.dll
0x00007ffa58b40000 - 0x00007ffa58b7a000 	C:\WINDOWS\SYSTEM32\IPHLPAPI.DLL
0x00007ffa50970000 - 0x00007ffa5097a000 	C:\Windows\System32\rasadhlp.dll
0x00007ffa53370000 - 0x00007ffa533e7000 	C:\WINDOWS\System32\fwpuclnt.dll
0x00007ffa596b0000 - 0x00007ffa596d6000 	C:\WINDOWS\System32\bcrypt.dll
0x00007ffa53000000 - 0x00007ffa53009000 	C:\Users\H\.jdks\corretto-11.0.15\bin\management.dll
0x00007ffa52ee0000 - 0x00007ffa52eeb000 	C:\Users\H\.jdks\corretto-11.0.15\bin\management_ext.dll
0x00007ffa589b0000 - 0x00007ffa589e3000 	C:\WINDOWS\system32\rsaenh.dll
0x00007ffa59510000 - 0x00007ffa59535000 	C:\WINDOWS\SYSTEM32\USERENV.dll
0x00007ffa59000000 - 0x00007ffa5900c000 	C:\WINDOWS\SYSTEM32\CRYPTBASE.dll
0x00007ffa53d20000 - 0x00007ffa53d36000 	C:\WINDOWS\SYSTEM32\dhcpcsvc6.DLL
0x00007ffa53cd0000 - 0x00007ffa53cec000 	C:\WINDOWS\SYSTEM32\dhcpcsvc.DLL
0x00007ffa2cb90000 - 0x00007ffa2cba6000 	C:\WINDOWS\system32\napinsp.dll
0x00007ffa2b460000 - 0x00007ffa2b47a000 	C:\WINDOWS\system32\pnrpnsp.dll
0x00007ffa2f8f0000 - 0x00007ffa2f8fe000 	C:\WINDOWS\System32\winrnr.dll
0x00007ffa56730000 - 0x00007ffa5674c000 	C:\WINDOWS\system32\NLAapi.dll
0x00007ffa55000000 - 0x00007ffa55015000 	C:\WINDOWS\system32\wshbth.dll
0x00007ffa52690000 - 0x00007ffa5269e000 	C:\Users\H\.jdks\corretto-11.0.15\bin\sunmscapi.dll
0x00007ffa59a40000 - 0x00007ffa59b91000 	C:\WINDOWS\System32\CRYPT32.dll
0x00007ffa59600000 - 0x00007ffa59612000 	C:\WINDOWS\System32\MSASN1.dll
0x00007ffa59110000 - 0x00007ffa59136000 	C:\WINDOWS\SYSTEM32\ncrypt.dll
0x00007ffa590d0000 - 0x00007ffa5910b000 	C:\WINDOWS\SYSTEM32\NTASN1.dll
0x00007ffa4cce0000 - 0x00007ffa4cd05000 	C:\Users\H\.jdks\corretto-11.0.15\bin\sunec.dll

dbghelp: loaded successfully - version: 4.0.5 - missing functions: none
symbol engine: initialized successfully - sym options: 0x614 - pdb path: .;C:\Users\H\.jdks\corretto-11.0.15\bin;C:\WINDOWS\SYSTEM32;C:\WINDOWS\WinSxS\amd64_microsoft.windows.common-controls_6595b64144ccf1df_6.0.18362.1556_none_9e7e372fe45e41d5;C:\Users\H\.jdks\corretto-11.0.15\bin\server;C:\Program Files\JetBrains\IntelliJ IDEA 2021.2.3\bin

VM Arguments:
jvm_args: -XX:TieredStopAtLevel=1 -Xverify:none -Dspring.output.ansi.enabled=always -javaagent:C:\Program Files\JetBrains\IntelliJ IDEA 2021.2.3\lib\idea_rt.jar=12618:C:\Program Files\JetBrains\IntelliJ IDEA 2021.2.3\bin -Dcom.sun.management.jmxremote -Dspring.jmx.enabled=true -Dspring.liveBeansView.mbeanDomain -Dspring.application.admin.enabled=true -Dfile.encoding=UTF-8 
java_command: com.example.itemservice.ItemServiceApplication
java_class_path (initial): C:\Users\H\Documents\GitHub\Spring_MVC\item-service\out\production\classes;C:\Users\H\Documents\GitHub\Spring_MVC\item-service\out\production\resources;C:\Users\H\.gradle\caches\modules-2\files-2.1\org.projectlombok\lombok\1.18.24\13a394eed5c4f9efb2a6d956e2086f1d81e857d9\lombok-1.18.24.jar;C:\Users\H\.gradle\caches\modules-2\files-2.1\org.springframework.boot\spring-boot-starter-thymeleaf\2.6.8\5ab438f57c9a2038b4b0d8a10eaaba0e55761b3e\spring-boot-starter-thymeleaf-2.6.8.jar;C:\Users\H\.gradle\caches\modules-2\files-2.1\org.springframework.boot\spring-boot-starter-web\2.6.8\81a3f6bf2b072da9ab67a5a0c33d9140736c436a\spring-boot-starter-web-2.6.8.jar;C:\Users\H\.gradle\caches\modules-2\files-2.1\org.springframework.boot\spring-boot-starter\2.6.8\d6ad2d708e9bf7ebc71f85e0b001a68d591ba2d0\spring-boot-starter-2.6.8.jar;C:\Users\H\.gradle\caches\modules-2\files-2.1\org.thymeleaf\thymeleaf-spring5\3.0.15.RELEASE\7170e1bcd1588d38c139f7048ebcc262676441c3\thymeleaf-spring5-3.0.15.RELEASE.jar;C:\Users\H\.gradle\caches\modules-2\files-2.1\org.thymeleaf.extras\thymeleaf-extras-java8time\3.0.4.RELEASE\36e7175ddce36c486fff4578b5af7bb32f54f5df\thymeleaf-extras-java8time-3.0.4.RELEASE.jar;C:\Users\H\.gradle\caches\modules-2\files-2.1\org.springframework.boot\spring-boot-starter-json\2.6.8\ea3311052a96a1bf0f975334cda285769d40a6b\spring-boot-starter-json-2.6.8.jar;C:\Users\H\.gradle\caches\modules-2\files-2.1\org.springframework.boot\spring-boot-starter-tomcat\2.6.8\8e27a09f7099648149d40b601fc6df862772f85d\spring-boot-starter-tomcat-2.6.8.jar;C:\Users\H\.gradle\caches\modules-2\files-2.1\org.springframework\spring-webmvc\5.3.20\8ac1b72a1f5c41fdc2cb3340cd94f795af260301\spring-webmvc-5.3.20.jar;C:\Users\H\.gradle\caches\modules-2\files-2.1\org.springframework\spring-web\5.3.20\3c2fe9363760d62d5b7c9f087bb4255e3377a0b2\spring-web-5.3.20.jar;C:\Users\H\.gradle\caches\modules-2\files-2.1\org.springframework.boot\spring-boot-autoconfigure\2.6.8\cd1a9b61a270219ba6964
Launcher Type: SUN_STANDARD

[Global flags]
     bool BytecodeVerificationLocal                = false                                     {product} {command line}
     bool BytecodeVerificationRemote               = false                                     {product} {command line}
     intx CICompilerCount                          = 4                                         {product} {ergonomic}
     uint ConcGCThreads                            = 3                                         {product} {ergonomic}
     uint G1ConcRefinementThreads                  = 10                                        {product} {ergonomic}
   size_t G1HeapRegionSize                         = 1048576                                   {product} {ergonomic}
    uintx GCDrainStackTargetSize                   = 64                                        {product} {ergonomic}
   size_t InitialHeapSize                          = 268435456                                 {product} {ergonomic}
     bool ManagementServer                         = true                                      {product} {command line}
   size_t MarkStackSize                            = 4194304                                   {product} {ergonomic}
   size_t MaxHeapSize                              = 4273995776                                {product} {ergonomic}
   size_t MaxNewSize                               = 2563768320                                {product} {ergonomic}
   size_t MinHeapDeltaBytes                        = 1048576                                   {product} {ergonomic}
    uintx NonNMethodCodeHeapSize                   = 7549744                                {pd product} {ergonomic}
    uintx NonProfiledCodeHeapSize                  = 244108496                              {pd product} {ergonomic}
    uintx ProfiledCodeHeapSize                     = 0                                      {pd product} {ergonomic}
    uintx ReservedCodeCacheSize                    = 251658240                              {pd product} {ergonomic}
     bool SegmentedCodeCache                       = true                                      {product} {ergonomic}
     intx TieredStopAtLevel                        = 1                                         {product} {command line}
     bool UseCompressedClassPointers               = true                                 {lp64_product} {ergonomic}
     bool UseCompressedOops                        = true                                 {lp64_product} {ergonomic}
     bool UseG1GC                                  = true                                      {product} {ergonomic}
     bool UseLargePagesIndividualAllocation        = false                                  {pd product} {ergonomic}

Logging:
Log output configuration:
 #0: stdout all=warning uptime,level,tags
 #1: stderr all=off uptime,level,tags

Environment Variables:
JAVA_HOME=C:\Program Files\OpenJDK\openjdk-8u302-b08
PATH=C:\Program Files\NVIDIA GPU Computing Toolkit\CUDA\v11.3\bin;C:\Program Files\NVIDIA GPU Computing Toolkit\CUDA\v11.3\libnvvp;C:\Program Files\Common Files\Oracle\Java\javapath;C:\Program Files (x86)\Common Files\Oracle\Java\javapath;C:\oraclexe\app\oracle\product\11.2.0\server\bin;C:\WINDOWS\system32;C:\WINDOWS;C:\WINDOWS\System32\Wbem;C:\WINDOWS\System32\WindowsPowerShell\v1.0\;C:\WINDOWS\System32\OpenSSH\;C:\Program Files (x86)\NVIDIA Corporation\PhysX\Common;C:\Program Files\NVIDIA Corporation\NVIDIA NvDLISR;C:\ProgramData\chocolatey\bin;C:\Program Files\Microsoft VS Code\bin;C:\Program Files\Git\cmd;C:\Program Files (x86)\Windows Kits\10\Windows Performance Toolkit\;C:\Program Files\MySQL\MySQL Server 8.0\bin;C:\Program Files\nodejs\;C:\Program Files\OpenJDK\openjdk-8u302-b08\bin;C:\data\db\bin;C:\Program Files\NVIDIA Corporation\Nsight Compute 2021.1.0\;C:\Program Files\MySQL\MySQL Shell 8.0\bin\;C:\Users\H\AppData\Local\Programs\Python\Python39\Scripts\;C:\Users\H\AppData\Local\Programs\Python\Python39\;C:\Users\H\AppData\Local\Microsoft\WindowsApps;C:\Program Files\Bandizip\;C:\Program Files\Oracle\VirtualBox;C:\Users\H\AppData\Roaming\npm;C:\Users\H\AppData\Local\Android\Sdk\platform-tools;C:\Users\H\AppData\Local\GitHubDesktop\bin;C:\Program Files\JetBrains\IntelliJ IDEA Community Edition 2021.2.3\bin;;C:\Program Files\heroku\bin
USERNAME=H
OS=Windows_NT
PROCESSOR_IDENTIFIER=AMD64 Family 25 Model 33 Stepping 0, AuthenticAMD



---------------  S Y S T E M  ---------------

OS: Windows 10 , 64 bit Build 18362 (10.0.18362.1500)
OS uptime: 13 days 5:07 hours

CPU:total 12 (initial active 12) (12 cores per cpu, 2 threads per core) family 25 model 33 stepping 0 microcode 0x0, cmov, cx8, fxsr, mmx, sse, sse2, sse3, ssse3, sse4.1, sse4.2, popcnt, avx, avx2, aes, clmul, erms, mmxext, 3dnowpref, lzcnt, sse4a, ht, tsc, tscinvbit, tscinv, bmi1, bmi2, adx, sha, fma

Memory: 4k page, system-wide physical 16297M (3882M free)
TotalPageFile size 65449M (AvailPageFile size 29M)
current process WorkingSet (physical memory assigned to process): 165M, peak: 166M
current process commit charge ("private bytes"): 391M, peak: 442M

vm_info: OpenJDK 64-Bit Server VM (11.0.15+9-LTS) for windows-amd64 JRE (11.0.15+9-LTS), built on Apr 15 2022 22:20:31 by "Administrator" with unknown MS VC++:1916

END.
